47:51.061013-6,TLOCK,5,process=rphost,p:processName=test1,OSThread=3120,t:clientID=1374,t:applicationName=1CV8C,t:computerName=DESKTOP-D4DPQBI,t:connectID=4,SessionID=2,Usr=админ,AppID=1CV8C,DBMS=DBMSSQL,DataBase=localhost\test1,Regions=AccumRg43.RECORDER,Locks='AccumRg43.RECORDER Shared Recorder=38:9922000c29d71e9311eba1a39491bf39',WaitConnections=,Context='Форма.Вызов : ВнешняяОбработка.тестШаги.Форма.Форма.Модуль.Команда1НаСервере
ВнешняяОбработка.тестШаги.Форма.Форма.Форма : 20 : нз.Прочитать();'
47:51.061022-3,TLOCK,5,process=rphost,p:processName=test1,OSThread=3120,t:clientID=1374,t:applicationName=1CV8C,t:computerName=DESKTOP-D4DPQBI,t:connectID=4,SessionID=2,Usr=админ,AppID=1CV8C,DBMS=DBMSSQL,DataBase=localhost\test1,Regions=AccumRgOpt47,Locks='AccumRgOpt47 Shared RegID=E019684599E10A42AE3FF600141BCC9F',WaitConnections=,Context='Форма.Вызов : ВнешняяОбработка.тестШаги.Форма.Форма.Модуль.Команда1НаСервере
ВнешняяОбработка.тестШаги.Форма.Форма.Форма : 24 : нз.Записать();'
47:51.061031-3,TLOCK,5,process=rphost,p:processName=test1,OSThread=3120,t:clientID=1374,t:applicationName=1CV8C,t:computerName=DESKTOP-D4DPQBI,t:connectID=4,SessionID=2,Usr=админ,AppID=1CV8C,DBMS=DBMSSQL,DataBase=localhost\test1,Regions=AccumRg43.RECORDER,Locks='AccumRg43.RECORDER Exclusive Recorder=38:9922000c29d71e9311eba1a39491bf39',WaitConnections=,Context='Форма.Вызов : ВнешняяОбработка.тестШаги.Форма.Форма.Модуль.Команда1НаСервере
ВнешняяОбработка.тестШаги.Форма.Форма.Форма : 24 : нз.Записать();'
47:51.076001-14962,TLOCK,5,process=rphost,p:processName=test1,OSThread=3120,t:clientID=1374,t:applicationName=1CV8C,t:computerName=DESKTOP-D4DPQBI,t:connectID=4,SessionID=2,Usr=админ,AppID=1CV8C,DBMS=DBMSSQL,DataBase=localhost\test1,Regions=AccumRgOpt47,Locks='AccumRgOpt47 Shared RegID=E019684599E10A42AE3FF600141BCC9F',WaitConnections=,Context='Форма.Вызов : ВнешняяОбработка.тестШаги.Форма.Форма.Модуль.Команда1НаСервере
ВнешняяОбработка.тестШаги.Форма.Форма.Форма : 24 : нз.Записать();'
47:51.076013-3,TLOCK,5,process=rphost,p:processName=test1,OSThread=3120,t:clientID=1374,t:applicationName=1CV8C,t:computerName=DESKTOP-D4DPQBI,t:connectID=4,SessionID=2,Usr=админ,AppID=1CV8C,DBMS=DBMSSQL,DataBase=localhost\test1,Regions=AccumRg43.DIMS,Locks='AccumRg43.DIMS Exclusive Period=[T"20210101000000":+] Splitter=0 Fld101="" Fld102="" Fld44=34:9934000c29d71e9311ebac42f12c44d2,AccumRg43.DIMS Exclusive Period=[T"20210501000000":+] Splitter=0 Fld101="" Fld102="" Fld44=34:00000000000000000000000000000000',WaitConnections=,Context='Форма.Вызов : ВнешняяОбработка.тестШаги.Форма.Форма.Модуль.Команда1НаСервере
ВнешняяОбработка.тестШаги.Форма.Форма.Форма : 24 : нз.Записать();'
47:51.076020-3,TLOCK,5,process=rphost,p:processName=test1,OSThread=3120,t:clientID=1374,t:applicationName=1CV8C,t:computerName=DESKTOP-D4DPQBI,t:connectID=4,SessionID=2,Usr=админ,AppID=1CV8C,DBMS=DBMSSQL,DataBase=localhost\test1,Regions=AccumRg43.DIMS,Locks='AccumRg43.DIMS Exclusive Period=[T"20210101000000":+] Splitter=0 Fld101="" Fld102="" Fld44=34:9934000c29d71e9311ebac42f12c44d2',WaitConnections=,Context='Форма.Вызов : ВнешняяОбработка.тестШаги.Форма.Форма.Модуль.Команда1НаСервере
ВнешняяОбработка.тестШаги.Форма.Форма.Форма : 24 : нз.Записать();'
47:56.733047-3,TLOCK,4,process=rphost,p:processName=test1,OSThread=6392,t:clientID=1380,t:applicationName=1CV8C,t:computerName=DESKTOP-D4DPQBI,t:connectID=6,SessionID=8,Usr=админ,AppID=1CV8C,DBMS=DBMSSQL,DataBase=localhost\test1,Regions=Document38.REFLOCK,Locks='Document38.REFLOCK Exclusive ID=38:9922000c29d71e9311eba1a39491bf39',WaitConnections=,Context=Данные.Провести
47:56.748008-3,TLOCK,4,process=rphost,p:processName=test1,OSThread=6392,t:clientID=1380,t:applicationName=1CV8C,t:computerName=DESKTOP-D4DPQBI,t:connectID=6,SessionID=8,Usr=админ,AppID=1CV8C,DBMS=DBMSSQL,DataBase=localhost\test1,Regions=AccumRgOpt47,Locks='AccumRgOpt47 Shared RegID=E019684599E10A42AE3FF600141BCC9F',WaitConnections=,Context='Данные.Провести
Документ.Документ1.МодульОбъекта : 17 : Движения.РегистрНакопления1.Записать();'
48:13.170000-0,TTIMEOUT,5,process=rphost,p:processName=test1,OSThread=7344,t:clientID=1379,t:applicationName=1CV8C,t:computerName=DESKTOP-D4DPQBI,t:connectID=5,SessionID=5,Usr=админ,AppID=1CV8C,DBMS=DBMSSQL,DataBase=localhost\test1,WaitConnections=4,Context='Форма.Вызов : ВнешняяОбработка.тестШаги.Форма.Форма.Модуль.Команда1НаСервере
ВнешняяОбработка.тестШаги.Форма.Форма.Форма : 20 : нз.Прочитать();'
48:13.170002-19999990,TLOCK,4,process=rphost,p:processName=test1,OSThread=7344,t:clientID=1379,t:applicationName=1CV8C,t:computerName=DESKTOP-D4DPQBI,t:connectID=5,SessionID=5,Usr=админ,AppID=1CV8C,DBMS=DBMSSQL,DataBase=localhost\test1,Regions=AccumRg43.RECORDER,Locks='AccumRg43.RECORDER Shared Recorder=38:9922000c29d71e9311eba1a39491bf39',WaitConnections=4,connectionID=107bdd76-f09d-493c-8c01-0eeda1474e5b,Context='Форма.Вызов : ВнешняяОбработка.тестШаги.Форма.Форма.Модуль.Команда1НаСервере
ВнешняяОбработка.тестШаги.Форма.Форма.Форма : 20 : нз.Прочитать();'
48:13.186010-0,EXCP,2
48:16.748000-0,TTIMEOUT,5,process=rphost,p:processName=test1,OSThread=6392,t:clientID=1380,t:applicationName=1CV8C,t:computerName=DESKTOP-D4DPQBI,t:connectID=6,SessionID=8,Usr=админ,AppID=1CV8C,DBMS=DBMSSQL,DataBase=localhost\test1,WaitConnections=4,Context='Данные.Провести
Документ.Документ1.МодульОбъекта : 17 : Движения.РегистрНакопления1.Записать();'
48:16.748002-19999993,TLOCK,4,process=rphost,p:processName=test1,OSThread=6392,t:clientID=1380,t:applicationName=1CV8C,t:computerName=DESKTOP-D4DPQBI,t:connectID=6,SessionID=8,Usr=админ,AppID=1CV8C,DBMS=DBMSSQL,DataBase=localhost\test1,Regions=AccumRg43.RECORDER,Locks='AccumRg43.RECORDER Exclusive Recorder=38:9922000c29d71e9311eba1a39491bf39',WaitConnections=4,connectionID=33189f67-4028-42ad-a013-717474de4923,Context='Данные.Провести
Документ.Документ1.МодульОбъекта : 17 : Движения.РегистрНакопления1.Записать();'
48:16.748023-0,EXCP,2
48:24.623046-5,TLOCK,5,process=rphost,p:processName=test1,OSThread=3120,t:clientID=1374,t:applicationName=1CV8C,t:computerName=DESKTOP-D4DPQBI,t:connectID=4,SessionID=2,Usr=админ,AppID=1CV8C,DBMS=DBMSSQL,DataBase=localhost\test1,Regions=SystemSettings.SYSTEMLOCK,Locks='SystemSettings.SYSTEMLOCK Exclusive ObjectKey="ОсновноеОкно/Такси/НастройкиОкнаТонкогоКлиента" SettingsKey="" UserId="админ"',WaitConnections=
48:24.670034-3,TLOCK,5,process=rphost,p:processName=test1,OSThread=3120,t:clientID=1374,t:applicationName=1CV8C,t:computerName=DESKTOP-D4DPQBI,t:connectID=4,SessionID=2,Usr=админ,AppID=1CV8C,DBMS=DBMSSQL,DataBase=localhost\test1,Regions=SystemSettings.SYSTEMLOCK,Locks='SystemSettings.SYSTEMLOCK Exclusive ObjectKey="ИсторияВыбора" SettingsKey="" UserId="админ"',WaitConnections=,Context=Данные.СинхронизироватьИсториюВыбора
48:26.451043-5,TLOCK,4,process=rphost,p:processName=test1,OSThread=3120,t:clientID=1379,t:applicationName=1CV8C,t:computerName=DESKTOP-D4DPQBI,t:connectID=5,SessionID=5,Usr=админ,AppID=1CV8C,DBMS=DBMSSQL,DataBase=localhost\test1,Regions=SystemSettings.SYSTEMLOCK,Locks='SystemSettings.SYSTEMLOCK Exclusive ObjectKey="ИсторияВыбора" SettingsKey="" UserId="админ"',WaitConnections=,Context=Данные.СинхронизироватьИсториюВыбора
48:29.248039-5,TLOCK,4,process=rphost,p:processName=test1,OSThread=3464,t:clientID=1380,t:applicationName=1CV8C,t:computerName=DESKTOP-D4DPQBI,t:connectID=6,SessionID=8,Usr=админ,AppID=1CV8C,DBMS=DBMSSQL,DataBase=localhost\test1,Regions=SystemSettings.SYSTEMLOCK,Locks='SystemSettings.SYSTEMLOCK Exclusive ObjectKey="ОсновноеОкно/Такси/НастройкиОкнаТонкогоКлиента" SettingsKey="" UserId="админ"',WaitConnections=
